<?xml version="1.0" encoding="UTF-8"?>
<testng-results ignored="0" total="3" passed="3" failed="0" skipped="0">
  <reporter-output>
  </reporter-output>
  <suite started-at="2024-05-22T11:20:30 IST" name="Suite" finished-at="2024-05-22T11:20:59 IST" duration-ms="29392">
    <groups>
    </groups>
    <test started-at="2024-05-22T11:20:30 IST" name="Test" finished-at="2024-05-22T11:20:59 IST" duration-ms="29392">
      <class name="com.test.SampleTest">
        <test-method is-config="true" signature="setup(java.lang.String,java.lang.String)[pri:0, instance:com.test.SampleTest@4b741d6d]" started-at="2024-05-22T11:20:30 IST" name="setup" finished-at="2024-05-22T11:20:38 IST" duration-ms="8650" status="PASS">
          <params>
            <param index="0">
              <value>
                <![CDATA[Edge]]>
              </value>
            </param>
            <param index="1">
              <value>
                <![CDATA[https://www.makemytrip.com/]]>
              </value>
            </param>
          </params>
          <reporter-output>
          </reporter-output>
        </test-method> <!-- setup -->
        <test-method signature="testCase1()[pri:0, instance:com.test.SampleTest@4b741d6d]" started-at="2024-05-22T11:20:38 IST" name="testCase1" finished-at="2024-05-22T11:20:38 IST" duration-ms="9" status="PASS">
          <reporter-output>
          </reporter-output>
        </test-method> <!-- testCase1 -->
        <test-method is-config="true" signature="tearDown()[pri:0, instance:com.test.SampleTest@4b741d6d]" started-at="2024-05-22T11:20:38 IST" name="tearDown" finished-at="2024-05-22T11:20:40 IST" duration-ms="1371" status="PASS">
          <reporter-output>
          </reporter-output>
        </test-method> <!-- tearDown -->
        <test-method is-config="true" signature="setup(java.lang.String,java.lang.String)[pri:0, instance:com.test.SampleTest@4b741d6d]" started-at="2024-05-22T11:20:40 IST" name="setup" finished-at="2024-05-22T11:20:48 IST" duration-ms="7997" status="PASS">
          <params>
            <param index="0">
              <value>
                <![CDATA[Edge]]>
              </value>
            </param>
            <param index="1">
              <value>
                <![CDATA[https://www.makemytrip.com/]]>
              </value>
            </param>
          </params>
          <reporter-output>
          </reporter-output>
        </test-method> <!-- setup -->
        <test-method signature="testCase2()[pri:0, instance:com.test.SampleTest@4b741d6d]" started-at="2024-05-22T11:20:48 IST" name="testCase2" finished-at="2024-05-22T11:20:48 IST" duration-ms="1" status="PASS">
          <reporter-output>
          </reporter-output>
        </test-method> <!-- testCase2 -->
        <test-method is-config="true" signature="tearDown()[pri:0, instance:com.test.SampleTest@4b741d6d]" started-at="2024-05-22T11:20:48 IST" name="tearDown" finished-at="2024-05-22T11:20:49 IST" duration-ms="1258" status="PASS">
          <reporter-output>
          </reporter-output>
        </test-method> <!-- tearDown -->
        <test-method is-config="true" signature="setup(java.lang.String,java.lang.String)[pri:0, instance:com.test.SampleTest@4b741d6d]" started-at="2024-05-22T11:20:49 IST" name="setup" finished-at="2024-05-22T11:20:58 IST" duration-ms="8793" status="PASS">
          <params>
            <param index="0">
              <value>
                <![CDATA[Edge]]>
              </value>
            </param>
            <param index="1">
              <value>
                <![CDATA[https://www.makemytrip.com/]]>
              </value>
            </param>
          </params>
          <reporter-output>
          </reporter-output>
        </test-method> <!-- setup -->
        <test-method signature="testCase3()[pri:0, instance:com.test.SampleTest@4b741d6d]" started-at="2024-05-22T11:20:58 IST" name="testCase3" finished-at="2024-05-22T11:20:58 IST" duration-ms="2" status="PASS">
          <reporter-output>
          </reporter-output>
        </test-method> <!-- testCase3 -->
        <test-method is-config="true" signature="tearDown()[pri:0, instance:com.test.SampleTest@4b741d6d]" started-at="2024-05-22T11:20:58 IST" name="tearDown" finished-at="2024-05-22T11:20:59 IST" duration-ms="1266" status="PASS">
          <reporter-output>
          </reporter-output>
        </test-method> <!-- tearDown -->
      </class> <!-- com.test.SampleTest -->
    </test> <!-- Test -->
  </suite> <!-- Suite -->
</testng-results>
