<?xml version="1.0" encoding="UTF-8"?>
<testng-results ignored="0" total="3" passed="3" failed="0" skipped="0">
  <reporter-output>
  </reporter-output>
  <suite started-at="2024-05-15T09:32:24 IST" name="Default suite" finished-at="2024-05-15T09:32:45 IST" duration-ms="21818">
    <groups>
    </groups>
    <test started-at="2024-05-15T09:32:24 IST" name="Default test" finished-at="2024-05-15T09:32:45 IST" duration-ms="21818">
      <class name="com.test.SampleTest">
        <test-method is-config="true" signature="setup()[pri:0, instance:com.test.SampleTest@5b1669c0]" started-at="2024-05-15T09:32:24 IST" name="setup" finished-at="2024-05-15T09:32:36 IST" duration-ms="12464" status="PASS">
          <reporter-output>
          </reporter-output>
        </test-method> <!-- setup -->
        <test-method signature="testCase1()[pri:0, instance:com.test.SampleTest@5b1669c0]" started-at="2024-05-15T09:32:36 IST" name="testCase1" finished-at="2024-05-15T09:32:36 IST" duration-ms="15" status="PASS">
          <reporter-output>
          </reporter-output>
        </test-method> <!-- testCase1 -->
        <test-method is-config="true" signature="tearDown()[pri:0, instance:com.test.SampleTest@5b1669c0]" started-at="2024-05-15T09:32:36 IST" name="tearDown" finished-at="2024-05-15T09:32:36 IST" duration-ms="181" status="PASS">
          <reporter-output>
          </reporter-output>
        </test-method> <!-- tearDown -->
        <test-method is-config="true" signature="setup()[pri:0, instance:com.test.SampleTest@5b1669c0]" started-at="2024-05-15T09:32:36 IST" name="setup" finished-at="2024-05-15T09:32:38 IST" duration-ms="1823" status="PASS">
          <reporter-output>
          </reporter-output>
        </test-method> <!-- setup -->
        <test-method signature="testCase2()[pri:0, instance:com.test.SampleTest@5b1669c0]" started-at="2024-05-15T09:32:38 IST" name="testCase2" finished-at="2024-05-15T09:32:38 IST" duration-ms="1" status="PASS">
          <reporter-output>
          </reporter-output>
        </test-method> <!-- testCase2 -->
        <test-method is-config="true" signature="tearDown()[pri:0, instance:com.test.SampleTest@5b1669c0]" started-at="2024-05-15T09:32:38 IST" name="tearDown" finished-at="2024-05-15T09:32:38 IST" duration-ms="157" status="PASS">
          <reporter-output>
          </reporter-output>
        </test-method> <!-- tearDown -->
        <test-method is-config="true" signature="setup()[pri:0, instance:com.test.SampleTest@5b1669c0]" started-at="2024-05-15T09:32:38 IST" name="setup" finished-at="2024-05-15T09:32:45 IST" duration-ms="6904" status="PASS">
          <reporter-output>
          </reporter-output>
        </test-method> <!-- setup -->
        <test-method signature="testCase3()[pri:0, instance:com.test.SampleTest@5b1669c0]" started-at="2024-05-15T09:32:45 IST" name="testCase3" finished-at="2024-05-15T09:32:45 IST" duration-ms="2" status="PASS">
          <reporter-output>
          </reporter-output>
        </test-method> <!-- testCase3 -->
        <test-method is-config="true" signature="tearDown()[pri:0, instance:com.test.SampleTest@5b1669c0]" started-at="2024-05-15T09:32:45 IST" name="tearDown" finished-at="2024-05-15T09:32:45 IST" duration-ms="203" status="PASS">
          <reporter-output>
          </reporter-output>
        </test-method> <!-- tearDown -->
      </class> <!-- com.test.SampleTest -->
    </test> <!-- Default test -->
  </suite> <!-- Default suite -->
</testng-results>
