<?xml version="1.0" encoding="UTF-8"?>
<!-- Generated by org.testng.reporters.JUnitXMLReporter -->
<testsuite ignored="0" hostname="Ganesh" failures="0" tests="3" name="Default test" time="21.818" errors="0" timestamp="2024-05-15T09:32:45 IST">
  <testcase classname="com.test.SampleTest" name="testCase1" time="0.015"/>
  <testcase classname="com.test.SampleTest" name="testCase2" time="0.001"/>
  <testcase classname="com.test.SampleTest" name="testCase3" time="0.002"/>
</testsuite> <!-- Default test -->
